# JRE version: Java(TM) SE Runtime Environment (8.0_11-b12) (build 1.8.0_11-b12)
# Java VM: Java HotSpot(TM) Client VM (25.11-b03 mixed mode windows-x86 )
Heap:
 def new generation   total 8384K, used 896K [0x03c00000, 0x04510000, 0x19150000)
  eden space 7488K,   0% used [0x03c00000, 0x03c00000, 0x04350000)
  from space 896K, 100% used [0x04430000, 0x04510000, 0x04510000)
  to   space 896K,   0% used [0x04350000, 0x04350000, 0x04430000)
 tenured generation   total 18736K, used 18626K [0x19150000, 0x1a39c000, 0x43c00000)
   the space 18736K,  99% used [0x19150000, 0x1a380ba8, 0x1a380c00, 0x1a39c000)
 Metaspace       used 3384K, capacity 3462K, committed 3520K, reserved 4480K
GC Heap History (10 events):
Event: 2.642 GC heap after
Heap after GC invocations=18 (full 1):
 def new generation   total 8384K, used 896K [0x03c00000, 0x04510000, 0x19150000)
  eden space 7488K,   0% used [0x03c00000, 0x03c00000, 0x04350000)
  from space 896K, 100% used [0x04350000, 0x04430000, 0x04430000)
  to   space 896K,   0% used [0x04430000, 0x04430000, 0x04510000)
 tenured generation   total 18480K, used 12745K [0x19150000, 0x1a35c000, 0x43c00000)
   the space 18480K,  68% used [0x19150000, 0x19dc26d8, 0x19dc2800, 0x1a35c000)
 Metaspace       used 3384K, capacity 3462K, committed 3520K, reserved 4480K
}
Event: 2.830 GC heap before
{Heap before GC invocations=18 (full 1):
 def new generation   total 8384K, used 8384K [0x03c00000, 0x04510000, 0x19150000)
  eden space 7488K, 100% used [0x03c00000, 0x04350000, 0x04350000)
  from space 896K, 100% used [0x04350000, 0x04430000, 0x04430000)
  to   space 896K,   0% used [0x04430000, 0x04430000, 0x04510000)
 tenured generation   total 18480K, used 12745K [0x19150000, 0x1a35c000, 0x43c00000)
   the space 18480K,  68% used [0x19150000, 0x19dc26d8, 0x19dc2800, 0x1a35c000)
 Metaspace       used 3384K, capacity 3462K, committed 3520K, reserved 4480K
Event: 2.838 GC heap after
Heap after GC invocations=19 (full 1):
 def new generation   total 8384K, used 896K [0x03c00000, 0x04510000, 0x19150000)
  eden space 7488K,   0% used [0x03c00000, 0x03c00000, 0x04350000)
  from space 896K, 100% used [0x04430000, 0x04510000, 0x04510000)
  to   space 896K,   0% used [0x04350000, 0x04350000, 0x04430000)
 tenured generation   total 18480K, used 13881K [0x19150000, 0x1a35c000, 0x43c00000)
   the space 18480K,  75% used [0x19150000, 0x19ede480, 0x19ede600, 0x1a35c000)
 Metaspace       used 3384K, capacity 3462K, committed 3520K, reserved 4480K
}
Event: 3.514 GC heap before
{Heap before GC invocations=19 (full 1):
 def new generation   total 8384K, used 8384K [0x03c00000, 0x04510000, 0x19150000)
  eden space 7488K, 100% used [0x03c00000, 0x04350000, 0x04350000)
  from space 896K, 100% used [0x04430000, 0x04510000, 0x04510000)
  to   space 896K,   0% used [0x04350000, 0x04350000, 0x04430000)
 tenured generation   total 18480K, used 13881K [0x19150000, 0x1a35c000, 0x43c00000)
   the space 18480K,  75% used [0x19150000, 0x19ede480, 0x19ede600, 0x1a35c000)
 Metaspace       used 3384K, capacity 3462K, committed 3520K, reserved 4480K
Event: 3.521 GC heap after
Heap after GC invocations=20 (full 1):
 def new generation   total 8384K, used 896K [0x03c00000, 0x04510000, 0x19150000)
  eden space 7488K,   0% used [0x03c00000, 0x03c00000, 0x04350000)
  from space 896K, 100% used [0x04350000, 0x04430000, 0x04430000)
  to   space 896K,   0% used [0x04430000, 0x04430000, 0x04510000)
 tenured generation   total 18480K, used 15048K [0x19150000, 0x1a35c000, 0x43c00000)
   the space 18480K,  81% used [0x19150000, 0x1a002348, 0x1a002400, 0x1a35c000)
 Metaspace       used 3384K, capacity 3462K, committed 3520K, reserved 4480K
}
Event: 3.597 GC heap before
{Heap before GC invocations=20 (full 1):
 def new generation   total 8384K, used 8384K [0x03c00000, 0x04510000, 0x19150000)
  eden space 7488K, 100% used [0x03c00000, 0x04350000, 0x04350000)
  from space 896K, 100% used [0x04350000, 0x04430000, 0x04430000)
  to   space 896K,   0% used [0x04430000, 0x04430000, 0x04510000)
 tenured generation   total 18480K, used 15048K [0x19150000, 0x1a35c000, 0x43c00000)
   the space 18480K,  81% used [0x19150000, 0x1a002348, 0x1a002400, 0x1a35c000)
 Metaspace       used 3384K, capacity 3462K, committed 3520K, reserved 4480K
Event: 3.605 GC heap after
Heap after GC invocations=21 (full 1):
 def new generation   total 8384K, used 895K [0x03c00000, 0x04510000, 0x19150000)
  eden space 7488K,   0% used [0x03c00000, 0x03c00000, 0x04350000)
  from space 896K,  99% used [0x04430000, 0x0450fff8, 0x04510000)
  to   space 896K,   0% used [0x04350000, 0x04350000, 0x04430000)
 tenured generation   total 18480K, used 16285K [0x19150000, 0x1a35c000, 0x43c00000)
   the space 18480K,  88% used [0x19150000, 0x1a1377b8, 0x1a137800, 0x1a35c000)
 Metaspace       used 3384K, capacity 3462K, committed 3520K, reserved 4480K
}
Event: 3.990 GC heap before
{Heap before GC invocations=21 (full 1):
 def new generation   total 8384K, used 8383K [0x03c00000, 0x04510000, 0x19150000)
  eden space 7488K, 100% used [0x03c00000, 0x04350000, 0x04350000)
  from space 896K,  99% used [0x04430000, 0x0450fff8, 0x04510000)
  to   space 896K,   0% used [0x04350000, 0x04350000, 0x04430000)
 tenured generation   total 18480K, used 16285K [0x19150000, 0x1a35c000, 0x43c00000)
   the space 18480K,  88% used [0x19150000, 0x1a1377b8, 0x1a137800, 0x1a35c000)
 Metaspace       used 3384K, capacity 3462K, committed 3520K, reserved 4480K
Event: 3.999 GC heap after
Heap after GC invocations=22 (full 1):
 def new generation   total 8384K, used 895K [0x03c00000, 0x04510000, 0x19150000)
  eden space 7488K,   0% used [0x03c00000, 0x03c00000, 0x04350000)
  from space 896K,  99% used [0x04350000, 0x0442fff8, 0x04430000)
  to   space 896K,   0% used [0x04430000, 0x04430000, 0x04510000)
 tenured generation   total 18480K, used 17532K [0x19150000, 0x1a35c000, 0x43c00000)
   the space 18480K,  94% used [0x19150000, 0x1a26f080, 0x1a26f200, 0x1a35c000)
 Metaspace       used 3384K, capacity 3462K, committed 3520K, reserved 4480K
}
Event: 4.130 GC heap before
{Heap before GC invocations=22 (full 1):
 def new generation   total 8384K, used 8383K [0x03c00000, 0x04510000, 0x19150000)
  eden space 7488K, 100% used [0x03c00000, 0x04350000, 0x04350000)
  from space 896K,  99% used [0x04350000, 0x0442fff8, 0x04430000)
  to   space 896K,   0% used [0x04430000, 0x04430000, 0x04510000)
 tenured generation   total 18480K, used 17532K [0x19150000, 0x1a35c000, 0x43c00000)
   the space 18480K,  94% used [0x19150000, 0x1a26f080, 0x1a26f200, 0x1a35c000)
 Metaspace       used 3384K, capacity 3462K, committed 3520K, reserved 4480K

